<?xml version="1.0" encoding="UTF-8"?>
<!-- Generated by org.testng.reporters.JUnitXMLReporter -->
<testsuite hostname="DESKTOP-8NOJ2V6" ignored="0" name="Surefire test" tests="9" failures="2" timestamp="19 дек 2019 13:17:04 GMT" time="115.857" errors="0">
  <testcase name="oneCanBookRoomForTwoAdults" time="30.102" classname="by.mmf.sharubapv.test.BookingTests">
    <failure type="org.openqa.selenium.TimeoutException" message="Expected condition failed: waiting for presence of element located by: By.xpath: //*[@id=&amp;apos;booking-form&amp;apos;] (tried for 10 second(s) with 500 milliseconds interval)">
      <![CDATA[org.openqa.selenium.TimeoutException: Expected condition failed: waiting for presence of element located by: By.xpath: //*[@id='booking-form'] (tried for 10 second(s) with 500 milliseconds interval)
at org.openqa.selenium.support.ui.WebDriverWait.timeoutException(WebDriverWait.java:95)
at org.openqa.selenium.support.ui.FluentWait.until(FluentWait.java:272)
at by.mmf.sharubapv.page.BookRoomPage.bookRoom(BookRoomPage.java:46)
at by.mmf.sharubapv.test.BookingTests.oneCanBookRoomForTwoAdults(BookingTests.java:27)
Caused by: org.openqa.selenium.NoSuchElementException: no such element: Unable to locate element: {"method":"xpath","selector":"//*[@id='booking-form']"}
  (Session info: chrome=79.0.3945.88)
For documentation on this error, please visit: http://seleniumhq.org/exceptions/no_such_element.html
Build info: version: '3.141.0', revision: '2ecb7d9a', time: '2018-10-31T20:09:30'
System info: host: 'DESKTOP-8NOJ2V6', ip: '192.168.1.2', os.name: 'Windows 10', os.arch: 'amd64', os.version: '10.0', java.version: '1.8.0_201'
Driver info: org.openqa.selenium.chrome.ChromeDriver
Capabilities {acceptInsecureCerts: false, browserName: chrome, browserVersion: 79.0.3945.88, chrome: {chromedriverVersion: 79.0.3945.36 (3582db32b3389..., userDataDir: C:\Users\mynam\AppData\Loca...}, goog:chromeOptions: {debuggerAddress: localhost:12426}, javascriptEnabled: true, networkConnectionEnabled: false, pageLoadStrategy: normal, platform: WINDOWS, platformName: WINDOWS, proxy: Proxy(), setWindowRect: true, strictFileInteractability: false, timeouts: {implicit: 0, pageLoad: 300000, script: 30000}, unhandledPromptBehavior: dismiss and notify}
Session ID: ec9d6856bcd636df472ce2a3b3e50515
*** Element info: {Using=xpath, value=//*[@id='booking-form']}
at org.openqa.selenium.remote.http.W3CHttpResponseCodec.createException(W3CHttpResponseCodec.java:187)
at org.openqa.selenium.remote.http.W3CHttpResponseCodec.decode(W3CHttpResponseCodec.java:122)
at org.openqa.selenium.remote.http.W3CHttpResponseCodec.decode(W3CHttpResponseCodec.java:49)
at org.openqa.selenium.remote.HttpCommandExecutor.execute(HttpCommandExecutor.java:158)
at org.openqa.selenium.remote.service.DriverCommandExecutor.execute(DriverCommandExecutor.java:83)
at org.openqa.selenium.remote.RemoteWebDriver.execute(RemoteWebDriver.java:552)
at org.openqa.selenium.remote.RemoteWebDriver.findElement(RemoteWebDriver.java:323)
at org.openqa.selenium.remote.RemoteWebDriver.findElementByXPath(RemoteWebDriver.java:428)
at org.openqa.selenium.By$ByXPath.findElement(By.java:353)
at org.openqa.selenium.remote.RemoteWebDriver.findElement(RemoteWebDriver.java:315)
at org.openqa.selenium.support.ui.ExpectedConditions$6.apply(ExpectedConditions.java:182)
at org.openqa.selenium.support.ui.ExpectedConditions$6.apply(ExpectedConditions.java:179)
at org.openqa.selenium.support.ui.FluentWait.until(FluentWait.java:249)
... 32 more
... Removed 33 stack frames]]>
    </failure>
  </testcase> <!-- oneCanBookRoomForTwoAdults -->
  <testcase name="mustBeAtLeastOneFiveStarRoomWithWifiFound" time="9.703" classname="by.mmf.sharubapv.test.SearchTests"/>
  <testcase name="mustBeAtLeastOneFlatFound" time="8.771" classname="by.mmf.sharubapv.test.SearchTests"/>
  <testcase name="mustBeAtLeastOneRoomForTomorrow" time="9.275" classname="by.mmf.sharubapv.test.SearchTests"/>
  <testcase name="mustNotBeAnyRoomForLastWeek" time="6.941" classname="by.mmf.sharubapv.test.SearchTests"/>
  <testcase name="searchForExistingCityGivesResult" time="8.18" classname="by.mmf.sharubapv.test.SearchTests"/>
  <testcase name="searchForRandomStringGivesError" time="5.623" classname="by.mmf.sharubapv.test.SearchTests"/>
  <testcase name="searchInSpecialOffersMustFindAtLeastOneSpecialOffer" time="10.87" classname="by.mmf.sharubapv.test.SearchTests"/>
  <testcase name="whenMoneyChangedToUsdPricesMustBeAtUsd" time="7.382" classname="by.mmf.sharubapv.test.SearchTests">
    <failure type="org.openqa.selenium.ElementClickInterceptedException" message="element click intercepted: Element &amp;lt;button type=&amp;quot;submit&amp;quot; class=&amp;quot;cta cta-strong&amp;quot;&amp;gt;...&amp;lt;/button&amp;gt; is not clickable at point (479, 468). Other element would receive the click: &amp;lt;td colspan=&amp;quot;2&amp;quot;&amp;gt;...&amp;lt;/td&amp;gt;
  (Session info: chrome=79.0.3945.88)
Build info: version: &amp;apos;3.141.0&amp;apos;, revision: &amp;apos;2ecb7d9a&amp;apos;, time: &amp;apos;2018-10-31T20:09:30&amp;apos;
System info: host: &amp;apos;DESKTOP-8NOJ2V6&amp;apos;, ip: &amp;apos;192.168.1.2&amp;apos;, os.name: &amp;apos;Windows 10&amp;apos;, os.arch: &amp;apos;amd64&amp;apos;, os.version: &amp;apos;10.0&amp;apos;, java.version: &amp;apos;1.8.0_201&amp;apos;
Driver info: org.openqa.selenium.chrome.ChromeDriver
Capabilities {acceptInsecureCerts: false, browserName: chrome, browserVersion: 79.0.3945.88, chrome: {chromedriverVersion: 79.0.3945.36 (3582db32b3389..., userDataDir: C:\Users\mynam\AppData\Loca...}, goog:chromeOptions: {debuggerAddress: localhost:13227}, javascriptEnabled: true, networkConnectionEnabled: false, pageLoadStrategy: normal, platform: WINDOWS, platformName: WINDOWS, proxy: Proxy(), setWindowRect: true, strictFileInteractability: false, timeouts: {implicit: 0, pageLoad: 300000, script: 30000}, unhandledPromptBehavior: dismiss and notify}
Session ID: c43b3f156f5e5eef6354e68ce0c781be">
      <![CDATA[org.openqa.selenium.ElementClickInterceptedException: element click intercepted: Element <button type="submit" class="cta cta-strong">...</button> is not clickable at point (479, 468). Other element would receive the click: <td colspan="2">...</td>
  (Session info: chrome=79.0.3945.88)
Build info: version: '3.141.0', revision: '2ecb7d9a', time: '2018-10-31T20:09:30'
System info: host: 'DESKTOP-8NOJ2V6', ip: '192.168.1.2', os.name: 'Windows 10', os.arch: 'amd64', os.version: '10.0', java.version: '1.8.0_201'
Driver info: org.openqa.selenium.chrome.ChromeDriver
Capabilities {acceptInsecureCerts: false, browserName: chrome, browserVersion: 79.0.3945.88, chrome: {chromedriverVersion: 79.0.3945.36 (3582db32b3389..., userDataDir: C:\Users\mynam\AppData\Loca...}, goog:chromeOptions: {debuggerAddress: localhost:13227}, javascriptEnabled: true, networkConnectionEnabled: false, pageLoadStrategy: normal, platform: WINDOWS, platformName: WINDOWS, proxy: Proxy(), setWindowRect: true, strictFileInteractability: false, timeouts: {implicit: 0, pageLoad: 300000, script: 30000}, unhandledPromptBehavior: dismiss and notify}
Session ID: c43b3f156f5e5eef6354e68ce0c781be
at org.openqa.selenium.remote.http.W3CHttpResponseCodec.createException(W3CHttpResponseCodec.java:187)
at org.openqa.selenium.remote.http.W3CHttpResponseCodec.decode(W3CHttpResponseCodec.java:122)
at org.openqa.selenium.remote.http.W3CHttpResponseCodec.decode(W3CHttpResponseCodec.java:49)
at org.openqa.selenium.remote.HttpCommandExecutor.execute(HttpCommandExecutor.java:158)
at org.openqa.selenium.remote.service.DriverCommandExecutor.execute(DriverCommandExecutor.java:83)
at org.openqa.selenium.remote.RemoteWebDriver.execute(RemoteWebDriver.java:552)
at org.openqa.selenium.remote.RemoteWebElement.execute(RemoteWebElement.java:285)
at org.openqa.selenium.remote.RemoteWebElement.click(RemoteWebElement.java:84)
at org.openqa.selenium.support.pagefactory.internal.LocatingElementHandler.invoke(LocatingElementHandler.java:51)
at com.sun.proxy.$Proxy23.click(Unknown Source)
at by.mmf.sharubapv.page.SearchPage.clickSearchButton(SearchPage.java:77)
at by.mmf.sharubapv.test.SearchTests.whenMoneyChangedToUsdPricesMustBeAtUsd(SearchTests.java:120)
... Removed 37 stack frames]]>
    </failure>
  </testcase> <!-- whenMoneyChangedToUsdPricesMustBeAtUsd -->
</testsuite> <!-- Surefire test -->
