<?xml version="1.0" encoding="UTF-8"?>
<!-- Generated by org.testng.reporters.JUnitXMLReporter -->
<testsuite hostname="DESKTOP-8NOJ2V6" ignored="0" name="Surefire test" tests="9" failures="8" timestamp="19 дек 2019 11:03:52 GMT" time="26.111" errors="0">
  <testcase name="mustBeAtLeastOneFiveStarRoomWithWifiFound" time="0.003" classname="by.mmf.sharubapv.test.SearchTests">
    <failure type="java.lang.ExceptionInInitializerError">
      <![CDATA[java.lang.ExceptionInInitializerError
at by.mmf.sharubapv.service.SearchQueryCreator.withCredentialsFromProperty(SearchQueryCreator.java:11)
at by.mmf.sharubapv.test.SearchTests.mustBeAtLeastOneFiveStarRoomWithWifiFound(SearchTests.java:76)
Caused by: java.lang.NullPointerException
at java.util.ResourceBundle$CacheKey.calculateHashCode(ResourceBundle.java:654)
at java.util.ResourceBundle$CacheKey.<init>(ResourceBundle.java:584)
at java.util.ResourceBundle.getBundleImpl(ResourceBundle.java:1333)
at java.util.ResourceBundle.getBundle(ResourceBundle.java:782)
at by.mmf.sharubapv.service.TestDataReader.<clinit>(TestDataReader.java:6)
... 32 more
... Removed 30 stack frames]]>
    </failure>
  </testcase> <!-- mustBeAtLeastOneFiveStarRoomWithWifiFound -->
  <testcase name="mustBeAtLeastOneFlatFound" time="0.001" classname="by.mmf.sharubapv.test.SearchTests">
    <failure type="java.lang.NoClassDefFoundError" message="Could not initialize class by.mmf.sharubapv.service.TestDataReader">
      <![CDATA[java.lang.NoClassDefFoundError: Could not initialize class by.mmf.sharubapv.service.TestDataReader
at by.mmf.sharubapv.service.SearchQueryCreator.withCredentialsFromProperty(SearchQueryCreator.java:11)
at by.mmf.sharubapv.test.SearchTests.mustBeAtLeastOneFlatFound(SearchTests.java:63)
... Removed 30 stack frames]]>
    </failure>
  </testcase> <!-- mustBeAtLeastOneFlatFound -->
  <testcase name="mustBeAtLeastOneRoomForTomorrow" time="0.001" classname="by.mmf.sharubapv.test.SearchTests">
    <failure type="java.lang.NoClassDefFoundError" message="Could not initialize class by.mmf.sharubapv.service.TestDataReader">
      <![CDATA[java.lang.NoClassDefFoundError: Could not initialize class by.mmf.sharubapv.service.TestDataReader
at by.mmf.sharubapv.service.SearchQueryCreator.withCredentialsFromProperty(SearchQueryCreator.java:23)
at by.mmf.sharubapv.test.SearchTests.mustBeAtLeastOneRoomForTomorrow(SearchTests.java:50)
... Removed 30 stack frames]]>
    </failure>
  </testcase> <!-- mustBeAtLeastOneRoomForTomorrow -->
  <testcase name="mustNotBeAnyRoomForLastWeek" time="0.001" classname="by.mmf.sharubapv.test.SearchTests">
    <failure type="java.lang.NoClassDefFoundError" message="Could not initialize class by.mmf.sharubapv.service.TestDataReader">
      <![CDATA[java.lang.NoClassDefFoundError: Could not initialize class by.mmf.sharubapv.service.TestDataReader
at by.mmf.sharubapv.service.SearchQueryCreator.withCredentialsFromProperty(SearchQueryCreator.java:23)
at by.mmf.sharubapv.test.SearchTests.mustNotBeAnyRoomForLastWeek(SearchTests.java:90)
... Removed 30 stack frames]]>
    </failure>
  </testcase> <!-- mustNotBeAnyRoomForLastWeek -->
  <testcase name="searchForExistingCityGivesResult" time="0.001" classname="by.mmf.sharubapv.test.SearchTests">
    <failure type="java.lang.NoClassDefFoundError" message="Could not initialize class by.mmf.sharubapv.service.TestDataReader">
      <![CDATA[java.lang.NoClassDefFoundError: Could not initialize class by.mmf.sharubapv.service.TestDataReader
at by.mmf.sharubapv.service.SearchQueryCreator.withCredentialsFromProperty(SearchQueryCreator.java:18)
at by.mmf.sharubapv.test.SearchTests.searchForExistingCityGivesResult(SearchTests.java:38)
... Removed 30 stack frames]]>
    </failure>
  </testcase> <!-- searchForExistingCityGivesResult -->
  <testcase name="searchForRandomStringGivesError" time="0.001" classname="by.mmf.sharubapv.test.SearchTests">
    <failure type="java.lang.NoClassDefFoundError" message="Could not initialize class by.mmf.sharubapv.service.TestDataReader">
      <![CDATA[java.lang.NoClassDefFoundError: Could not initialize class by.mmf.sharubapv.service.TestDataReader
at by.mmf.sharubapv.service.SearchQueryCreator.withCredentialsFromProperty(SearchQueryCreator.java:18)
at by.mmf.sharubapv.test.SearchTests.searchForRandomStringGivesError(SearchTests.java:26)
... Removed 30 stack frames]]>
    </failure>
  </testcase> <!-- searchForRandomStringGivesError -->
  <testcase name="searchInSpecialOffersMustFindAtLeastOneSpecialOffer" time="0.0" classname="by.mmf.sharubapv.test.SearchTests">
    <failure type="java.lang.NoClassDefFoundError" message="Could not initialize class by.mmf.sharubapv.service.TestDataReader">
      <![CDATA[java.lang.NoClassDefFoundError: Could not initialize class by.mmf.sharubapv.service.TestDataReader
at by.mmf.sharubapv.service.SearchQueryCreator.withCredentialsFromProperty(SearchQueryCreator.java:11)
at by.mmf.sharubapv.test.SearchTests.searchInSpecialOffersMustFindAtLeastOneSpecialOffer(SearchTests.java:102)
... Removed 30 stack frames]]>
    </failure>
  </testcase> <!-- searchInSpecialOffersMustFindAtLeastOneSpecialOffer -->
  <testcase name="whenMoneyChangedToUsdPricesMustBeAtUsd" time="0.0" classname="by.mmf.sharubapv.test.SearchTests">
    <failure type="java.lang.NoClassDefFoundError" message="Could not initialize class by.mmf.sharubapv.service.TestDataReader">
      <![CDATA[java.lang.NoClassDefFoundError: Could not initialize class by.mmf.sharubapv.service.TestDataReader
at by.mmf.sharubapv.service.SearchQueryCreator.withCredentialsFromProperty(SearchQueryCreator.java:11)
at by.mmf.sharubapv.test.SearchTests.whenMoneyChangedToUsdPricesMustBeAtUsd(SearchTests.java:115)
... Removed 30 stack frames]]>
    </failure>
  </testcase> <!-- whenMoneyChangedToUsdPricesMustBeAtUsd -->
  <testcase name="searchForRandomStringGivesError" time="7.721" classname="by.mmf.sharubapv.test.SingleTest"/>
</testsuite> <!-- Surefire test -->
