<?xml version="1.0" encoding="UTF-8"?>
<testng-results skipped="0" failed="8" ignored="0" total="9" passed="1">
  <reporter-output>
  </reporter-output>
  <suite name="Surefire suite" duration-ms="26111" started-at="2019-12-19T11:03:26Z" finished-at="2019-12-19T11:03:52Z">
    <groups>
    </groups>
    <test name="Surefire test" duration-ms="26111" started-at="2019-12-19T11:03:26Z" finished-at="2019-12-19T11:03:52Z">
      <class name="by.mmf.sharubapv.test.SearchTests">
        <test-method status="PASS" signature="setUp()[pri:0, instance:by.mmf.sharubapv.test.SearchTests@47f6473]" name="setUp" is-config="true" duration-ms="2024" started-at="2019-12-19T11:03:26Z" finished-at="2019-12-19T11:03:28Z">
          <reporter-output>
          </reporter-output>
        </test-method> <!-- setUp -->
        <test-method status="FAIL" signature="mustBeAtLeastOneFiveStarRoomWithWifiFound()[pri:0, instance:by.mmf.sharubapv.test.SearchTests@47f6473]" name="mustBeAtLeastOneFiveStarRoomWithWifiFound" duration-ms="3" started-at="2019-12-19T11:03:28Z" finished-at="2019-12-19T11:03:28Z">
          <exception class="java.lang.ExceptionInInitializerError">
            <full-stacktrace>
              <![CDATA[java.lang.ExceptionInInitializerError
at by.mmf.sharubapv.service.SearchQueryCreator.withCredentialsFromProperty(SearchQueryCreator.java:11)
at by.mmf.sharubapv.test.SearchTests.mustBeAtLeastOneFiveStarRoomWithWifiFound(SearchTests.java:76)
at sun.reflect.NativeMethodAccessorImpl.invoke0(Native Method)
at sun.reflect.NativeMethodAccessorImpl.invoke(NativeMethodAccessorImpl.java:62)
at sun.reflect.DelegatingMethodAccessorImpl.invoke(DelegatingMethodAccessorImpl.java:43)
at java.lang.reflect.Method.invoke(Method.java:498)
at org.testng.internal.MethodInvocationHelper.invokeMethod(MethodInvocationHelper.java:124)
at org.testng.internal.Invoker.invokeMethod(Invoker.java:583)
at org.testng.internal.Invoker.invokeTestMethod(Invoker.java:719)
at org.testng.internal.Invoker.invokeTestMethods(Invoker.java:989)
at org.testng.internal.TestMethodWorker.invokeTestMethods(TestMethodWorker.java:125)
at org.testng.internal.TestMethodWorker.run(TestMethodWorker.java:109)
at org.testng.TestRunner.privateRun(TestRunner.java:648)
at org.testng.TestRunner.run(TestRunner.java:505)
at org.testng.SuiteRunner.runTest(SuiteRunner.java:455)
at org.testng.SuiteRunner.runSequentially(SuiteRunner.java:450)
at org.testng.SuiteRunner.privateRun(SuiteRunner.java:415)
at org.testng.SuiteRunner.run(SuiteRunner.java:364)
at org.testng.SuiteRunnerWorker.runSuite(SuiteRunnerWorker.java:52)
at org.testng.SuiteRunnerWorker.run(SuiteRunnerWorker.java:84)
at org.testng.TestNG.runSuitesSequentially(TestNG.java:1208)
at org.testng.TestNG.runSuitesLocally(TestNG.java:1137)
at org.testng.TestNG.runSuites(TestNG.java:1049)
at org.testng.TestNG.run(TestNG.java:1017)
at org.apache.maven.surefire.testng.TestNGExecutor.run(TestNGExecutor.java:135)
at org.apache.maven.surefire.testng.TestNGDirectoryTestSuite.executeMulti(TestNGDirectoryTestSuite.java:193)
at org.apache.maven.surefire.testng.TestNGDirectoryTestSuite.execute(TestNGDirectoryTestSuite.java:94)
at org.apache.maven.surefire.testng.TestNGProvider.invoke(TestNGProvider.java:146)
at org.apache.maven.surefire.booter.ForkedBooter.invokeProviderInSameClassLoader(ForkedBooter.java:384)
at org.apache.maven.surefire.booter.ForkedBooter.runSuitesInProcess(ForkedBooter.java:345)
at org.apache.maven.surefire.booter.ForkedBooter.execute(ForkedBooter.java:126)
at org.apache.maven.surefire.booter.ForkedBooter.main(ForkedBooter.java:418)
Caused by: java.lang.NullPointerException
at java.util.ResourceBundle$CacheKey.calculateHashCode(ResourceBundle.java:654)
at java.util.ResourceBundle$CacheKey.<init>(ResourceBundle.java:584)
at java.util.ResourceBundle.getBundleImpl(ResourceBundle.java:1333)
at java.util.ResourceBundle.getBundle(ResourceBundle.java:782)
at by.mmf.sharubapv.service.TestDataReader.<clinit>(TestDataReader.java:6)
... 32 more
]]>
            </full-stacktrace>
          </exception> <!-- java.lang.ExceptionInInitializerError -->
          <reporter-output>
          </reporter-output>
        </test-method> <!-- mustBeAtLeastOneFiveStarRoomWithWifiFound -->
        <test-method status="PASS" signature="stopBrowser()[pri:0, instance:by.mmf.sharubapv.test.SearchTests@47f6473]" name="stopBrowser" is-config="true" duration-ms="592" started-at="2019-12-19T11:03:28Z" finished-at="2019-12-19T11:03:29Z">
          <reporter-output>
          </reporter-output>
        </test-method> <!-- stopBrowser -->
        <test-method status="PASS" signature="setUp()[pri:0, instance:by.mmf.sharubapv.test.SearchTests@47f6473]" name="setUp" is-config="true" duration-ms="1236" started-at="2019-12-19T11:03:29Z" finished-at="2019-12-19T11:03:30Z">
          <reporter-output>
          </reporter-output>
        </test-method> <!-- setUp -->
        <test-method status="FAIL" signature="mustBeAtLeastOneFlatFound()[pri:0, instance:by.mmf.sharubapv.test.SearchTests@47f6473]" name="mustBeAtLeastOneFlatFound" duration-ms="1" started-at="2019-12-19T11:03:30Z" finished-at="2019-12-19T11:03:30Z">
          <exception class="java.lang.NoClassDefFoundError">
            <message>
              <![CDATA[Could not initialize class by.mmf.sharubapv.service.TestDataReader]]>
            </message>
            <full-stacktrace>
              <![CDATA[java.lang.NoClassDefFoundError: Could not initialize class by.mmf.sharubapv.service.TestDataReader
at by.mmf.sharubapv.service.SearchQueryCreator.withCredentialsFromProperty(SearchQueryCreator.java:11)
at by.mmf.sharubapv.test.SearchTests.mustBeAtLeastOneFlatFound(SearchTests.java:63)
at sun.reflect.NativeMethodAccessorImpl.invoke0(Native Method)
at sun.reflect.NativeMethodAccessorImpl.invoke(NativeMethodAccessorImpl.java:62)
at sun.reflect.DelegatingMethodAccessorImpl.invoke(DelegatingMethodAccessorImpl.java:43)
at java.lang.reflect.Method.invoke(Method.java:498)
at org.testng.internal.MethodInvocationHelper.invokeMethod(MethodInvocationHelper.java:124)
at org.testng.internal.Invoker.invokeMethod(Invoker.java:583)
at org.testng.internal.Invoker.invokeTestMethod(Invoker.java:719)
at org.testng.internal.Invoker.invokeTestMethods(Invoker.java:989)
at org.testng.internal.TestMethodWorker.invokeTestMethods(TestMethodWorker.java:125)
at org.testng.internal.TestMethodWorker.run(TestMethodWorker.java:109)
at org.testng.TestRunner.privateRun(TestRunner.java:648)
at org.testng.TestRunner.run(TestRunner.java:505)
at org.testng.SuiteRunner.runTest(SuiteRunner.java:455)
at org.testng.SuiteRunner.runSequentially(SuiteRunner.java:450)
at org.testng.SuiteRunner.privateRun(SuiteRunner.java:415)
at org.testng.SuiteRunner.run(SuiteRunner.java:364)
at org.testng.SuiteRunnerWorker.runSuite(SuiteRunnerWorker.java:52)
at org.testng.SuiteRunnerWorker.run(SuiteRunnerWorker.java:84)
at org.testng.TestNG.runSuitesSequentially(TestNG.java:1208)
at org.testng.TestNG.runSuitesLocally(TestNG.java:1137)
at org.testng.TestNG.runSuites(TestNG.java:1049)
at org.testng.TestNG.run(TestNG.java:1017)
at org.apache.maven.surefire.testng.TestNGExecutor.run(TestNGExecutor.java:135)
at org.apache.maven.surefire.testng.TestNGDirectoryTestSuite.executeMulti(TestNGDirectoryTestSuite.java:193)
at org.apache.maven.surefire.testng.TestNGDirectoryTestSuite.execute(TestNGDirectoryTestSuite.java:94)
at org.apache.maven.surefire.testng.TestNGProvider.invoke(TestNGProvider.java:146)
at org.apache.maven.surefire.booter.ForkedBooter.invokeProviderInSameClassLoader(ForkedBooter.java:384)
at org.apache.maven.surefire.booter.ForkedBooter.runSuitesInProcess(ForkedBooter.java:345)
at org.apache.maven.surefire.booter.ForkedBooter.execute(ForkedBooter.java:126)
at org.apache.maven.surefire.booter.ForkedBooter.main(ForkedBooter.java:418)
]]>
            </full-stacktrace>
          </exception> <!-- java.lang.NoClassDefFoundError -->
          <reporter-output>
          </reporter-output>
        </test-method> <!-- mustBeAtLeastOneFlatFound -->
        <test-method status="PASS" signature="stopBrowser()[pri:0, instance:by.mmf.sharubapv.test.SearchTests@47f6473]" name="stopBrowser" is-config="true" duration-ms="569" started-at="2019-12-19T11:03:31Z" finished-at="2019-12-19T11:03:31Z">
          <reporter-output>
          </reporter-output>
        </test-method> <!-- stopBrowser -->
        <test-method status="PASS" signature="setUp()[pri:0, instance:by.mmf.sharubapv.test.SearchTests@47f6473]" name="setUp" is-config="true" duration-ms="1238" started-at="2019-12-19T11:03:31Z" finished-at="2019-12-19T11:03:32Z">
          <reporter-output>
          </reporter-output>
        </test-method> <!-- setUp -->
        <test-method status="FAIL" signature="mustBeAtLeastOneRoomForTomorrow()[pri:0, instance:by.mmf.sharubapv.test.SearchTests@47f6473]" name="mustBeAtLeastOneRoomForTomorrow" duration-ms="1" started-at="2019-12-19T11:03:32Z" finished-at="2019-12-19T11:03:32Z">
          <exception class="java.lang.NoClassDefFoundError">
            <message>
              <![CDATA[Could not initialize class by.mmf.sharubapv.service.TestDataReader]]>
            </message>
            <full-stacktrace>
              <![CDATA[java.lang.NoClassDefFoundError: Could not initialize class by.mmf.sharubapv.service.TestDataReader
at by.mmf.sharubapv.service.SearchQueryCreator.withCredentialsFromProperty(SearchQueryCreator.java:23)
at by.mmf.sharubapv.test.SearchTests.mustBeAtLeastOneRoomForTomorrow(SearchTests.java:50)
at sun.reflect.NativeMethodAccessorImpl.invoke0(Native Method)
at sun.reflect.NativeMethodAccessorImpl.invoke(NativeMethodAccessorImpl.java:62)
at sun.reflect.DelegatingMethodAccessorImpl.invoke(DelegatingMethodAccessorImpl.java:43)
at java.lang.reflect.Method.invoke(Method.java:498)
at org.testng.internal.MethodInvocationHelper.invokeMethod(MethodInvocationHelper.java:124)
at org.testng.internal.Invoker.invokeMethod(Invoker.java:583)
at org.testng.internal.Invoker.invokeTestMethod(Invoker.java:719)
at org.testng.internal.Invoker.invokeTestMethods(Invoker.java:989)
at org.testng.internal.TestMethodWorker.invokeTestMethods(TestMethodWorker.java:125)
at org.testng.internal.TestMethodWorker.run(TestMethodWorker.java:109)
at org.testng.TestRunner.privateRun(TestRunner.java:648)
at org.testng.TestRunner.run(TestRunner.java:505)
at org.testng.SuiteRunner.runTest(SuiteRunner.java:455)
at org.testng.SuiteRunner.runSequentially(SuiteRunner.java:450)
at org.testng.SuiteRunner.privateRun(SuiteRunner.java:415)
at org.testng.SuiteRunner.run(SuiteRunner.java:364)
at org.testng.SuiteRunnerWorker.runSuite(SuiteRunnerWorker.java:52)
at org.testng.SuiteRunnerWorker.run(SuiteRunnerWorker.java:84)
at org.testng.TestNG.runSuitesSequentially(TestNG.java:1208)
at org.testng.TestNG.runSuitesLocally(TestNG.java:1137)
at org.testng.TestNG.runSuites(TestNG.java:1049)
at org.testng.TestNG.run(TestNG.java:1017)
at org.apache.maven.surefire.testng.TestNGExecutor.run(TestNGExecutor.java:135)
at org.apache.maven.surefire.testng.TestNGDirectoryTestSuite.executeMulti(TestNGDirectoryTestSuite.java:193)
at org.apache.maven.surefire.testng.TestNGDirectoryTestSuite.execute(TestNGDirectoryTestSuite.java:94)
at org.apache.maven.surefire.testng.TestNGProvider.invoke(TestNGProvider.java:146)
at org.apache.maven.surefire.booter.ForkedBooter.invokeProviderInSameClassLoader(ForkedBooter.java:384)
at org.apache.maven.surefire.booter.ForkedBooter.runSuitesInProcess(ForkedBooter.java:345)
at org.apache.maven.surefire.booter.ForkedBooter.execute(ForkedBooter.java:126)
at org.apache.maven.surefire.booter.ForkedBooter.main(ForkedBooter.java:418)
]]>
            </full-stacktrace>
          </exception> <!-- java.lang.NoClassDefFoundError -->
          <reporter-output>
          </reporter-output>
        </test-method> <!-- mustBeAtLeastOneRoomForTomorrow -->
        <test-method status="PASS" signature="stopBrowser()[pri:0, instance:by.mmf.sharubapv.test.SearchTests@47f6473]" name="stopBrowser" is-config="true" duration-ms="575" started-at="2019-12-19T11:03:33Z" finished-at="2019-12-19T11:03:33Z">
          <reporter-output>
          </reporter-output>
        </test-method> <!-- stopBrowser -->
        <test-method status="PASS" signature="setUp()[pri:0, instance:by.mmf.sharubapv.test.SearchTests@47f6473]" name="setUp" is-config="true" duration-ms="1245" started-at="2019-12-19T11:03:33Z" finished-at="2019-12-19T11:03:35Z">
          <reporter-output>
          </reporter-output>
        </test-method> <!-- setUp -->
        <test-method status="FAIL" signature="mustNotBeAnyRoomForLastWeek()[pri:0, instance:by.mmf.sharubapv.test.SearchTests@47f6473]" name="mustNotBeAnyRoomForLastWeek" duration-ms="1" started-at="2019-12-19T11:03:35Z" finished-at="2019-12-19T11:03:35Z">
          <exception class="java.lang.NoClassDefFoundError">
            <message>
              <![CDATA[Could not initialize class by.mmf.sharubapv.service.TestDataReader]]>
            </message>
            <full-stacktrace>
              <![CDATA[java.lang.NoClassDefFoundError: Could not initialize class by.mmf.sharubapv.service.TestDataReader
at by.mmf.sharubapv.service.SearchQueryCreator.withCredentialsFromProperty(SearchQueryCreator.java:23)
at by.mmf.sharubapv.test.SearchTests.mustNotBeAnyRoomForLastWeek(SearchTests.java:90)
at sun.reflect.NativeMethodAccessorImpl.invoke0(Native Method)
at sun.reflect.NativeMethodAccessorImpl.invoke(NativeMethodAccessorImpl.java:62)
at sun.reflect.DelegatingMethodAccessorImpl.invoke(DelegatingMethodAccessorImpl.java:43)
at java.lang.reflect.Method.invoke(Method.java:498)
at org.testng.internal.MethodInvocationHelper.invokeMethod(MethodInvocationHelper.java:124)
at org.testng.internal.Invoker.invokeMethod(Invoker.java:583)
at org.testng.internal.Invoker.invokeTestMethod(Invoker.java:719)
at org.testng.internal.Invoker.invokeTestMethods(Invoker.java:989)
at org.testng.internal.TestMethodWorker.invokeTestMethods(TestMethodWorker.java:125)
at org.testng.internal.TestMethodWorker.run(TestMethodWorker.java:109)
at org.testng.TestRunner.privateRun(TestRunner.java:648)
at org.testng.TestRunner.run(TestRunner.java:505)
at org.testng.SuiteRunner.runTest(SuiteRunner.java:455)
at org.testng.SuiteRunner.runSequentially(SuiteRunner.java:450)
at org.testng.SuiteRunner.privateRun(SuiteRunner.java:415)
at org.testng.SuiteRunner.run(SuiteRunner.java:364)
at org.testng.SuiteRunnerWorker.runSuite(SuiteRunnerWorker.java:52)
at org.testng.SuiteRunnerWorker.run(SuiteRunnerWorker.java:84)
at org.testng.TestNG.runSuitesSequentially(TestNG.java:1208)
at org.testng.TestNG.runSuitesLocally(TestNG.java:1137)
at org.testng.TestNG.runSuites(TestNG.java:1049)
at org.testng.TestNG.run(TestNG.java:1017)
at org.apache.maven.surefire.testng.TestNGExecutor.run(TestNGExecutor.java:135)
at org.apache.maven.surefire.testng.TestNGDirectoryTestSuite.executeMulti(TestNGDirectoryTestSuite.java:193)
at org.apache.maven.surefire.testng.TestNGDirectoryTestSuite.execute(TestNGDirectoryTestSuite.java:94)
at org.apache.maven.surefire.testng.TestNGProvider.invoke(TestNGProvider.java:146)
at org.apache.maven.surefire.booter.ForkedBooter.invokeProviderInSameClassLoader(ForkedBooter.java:384)
at org.apache.maven.surefire.booter.ForkedBooter.runSuitesInProcess(ForkedBooter.java:345)
at org.apache.maven.surefire.booter.ForkedBooter.execute(ForkedBooter.java:126)
at org.apache.maven.surefire.booter.ForkedBooter.main(ForkedBooter.java:418)
]]>
            </full-stacktrace>
          </exception> <!-- java.lang.NoClassDefFoundError -->
          <reporter-output>
          </reporter-output>
        </test-method> <!-- mustNotBeAnyRoomForLastWeek -->
        <test-method status="PASS" signature="stopBrowser()[pri:0, instance:by.mmf.sharubapv.test.SearchTests@47f6473]" name="stopBrowser" is-config="true" duration-ms="576" started-at="2019-12-19T11:03:35Z" finished-at="2019-12-19T11:03:35Z">
          <reporter-output>
          </reporter-output>
        </test-method> <!-- stopBrowser -->
        <test-method status="PASS" signature="setUp()[pri:0, instance:by.mmf.sharubapv.test.SearchTests@47f6473]" name="setUp" is-config="true" duration-ms="1234" started-at="2019-12-19T11:03:35Z" finished-at="2019-12-19T11:03:37Z">
          <reporter-output>
          </reporter-output>
        </test-method> <!-- setUp -->
        <test-method status="FAIL" signature="searchForExistingCityGivesResult()[pri:0, instance:by.mmf.sharubapv.test.SearchTests@47f6473]" name="searchForExistingCityGivesResult" duration-ms="1" started-at="2019-12-19T11:03:37Z" finished-at="2019-12-19T11:03:37Z">
          <exception class="java.lang.NoClassDefFoundError">
            <message>
              <![CDATA[Could not initialize class by.mmf.sharubapv.service.TestDataReader]]>
            </message>
            <full-stacktrace>
              <![CDATA[java.lang.NoClassDefFoundError: Could not initialize class by.mmf.sharubapv.service.TestDataReader
at by.mmf.sharubapv.service.SearchQueryCreator.withCredentialsFromProperty(SearchQueryCreator.java:18)
at by.mmf.sharubapv.test.SearchTests.searchForExistingCityGivesResult(SearchTests.java:38)
at sun.reflect.NativeMethodAccessorImpl.invoke0(Native Method)
at sun.reflect.NativeMethodAccessorImpl.invoke(NativeMethodAccessorImpl.java:62)
at sun.reflect.DelegatingMethodAccessorImpl.invoke(DelegatingMethodAccessorImpl.java:43)
at java.lang.reflect.Method.invoke(Method.java:498)
at org.testng.internal.MethodInvocationHelper.invokeMethod(MethodInvocationHelper.java:124)
at org.testng.internal.Invoker.invokeMethod(Invoker.java:583)
at org.testng.internal.Invoker.invokeTestMethod(Invoker.java:719)
at org.testng.internal.Invoker.invokeTestMethods(Invoker.java:989)
at org.testng.internal.TestMethodWorker.invokeTestMethods(TestMethodWorker.java:125)
at org.testng.internal.TestMethodWorker.run(TestMethodWorker.java:109)
at org.testng.TestRunner.privateRun(TestRunner.java:648)
at org.testng.TestRunner.run(TestRunner.java:505)
at org.testng.SuiteRunner.runTest(SuiteRunner.java:455)
at org.testng.SuiteRunner.runSequentially(SuiteRunner.java:450)
at org.testng.SuiteRunner.privateRun(SuiteRunner.java:415)
at org.testng.SuiteRunner.run(SuiteRunner.java:364)
at org.testng.SuiteRunnerWorker.runSuite(SuiteRunnerWorker.java:52)
at org.testng.SuiteRunnerWorker.run(SuiteRunnerWorker.java:84)
at org.testng.TestNG.runSuitesSequentially(TestNG.java:1208)
at org.testng.TestNG.runSuitesLocally(TestNG.java:1137)
at org.testng.TestNG.runSuites(TestNG.java:1049)
at org.testng.TestNG.run(TestNG.java:1017)
at org.apache.maven.surefire.testng.TestNGExecutor.run(TestNGExecutor.java:135)
at org.apache.maven.surefire.testng.TestNGDirectoryTestSuite.executeMulti(TestNGDirectoryTestSuite.java:193)
at org.apache.maven.surefire.testng.TestNGDirectoryTestSuite.execute(TestNGDirectoryTestSuite.java:94)
at org.apache.maven.surefire.testng.TestNGProvider.invoke(TestNGProvider.java:146)
at org.apache.maven.surefire.booter.ForkedBooter.invokeProviderInSameClassLoader(ForkedBooter.java:384)
at org.apache.maven.surefire.booter.ForkedBooter.runSuitesInProcess(ForkedBooter.java:345)
at org.apache.maven.surefire.booter.ForkedBooter.execute(ForkedBooter.java:126)
at org.apache.maven.surefire.booter.ForkedBooter.main(ForkedBooter.java:418)
]]>
            </full-stacktrace>
          </exception> <!-- java.lang.NoClassDefFoundError -->
          <reporter-output>
          </reporter-output>
        </test-method> <!-- searchForExistingCityGivesResult -->
        <test-method status="PASS" signature="stopBrowser()[pri:0, instance:by.mmf.sharubapv.test.SearchTests@47f6473]" name="stopBrowser" is-config="true" duration-ms="582" started-at="2019-12-19T11:03:37Z" finished-at="2019-12-19T11:03:38Z">
          <reporter-output>
          </reporter-output>
        </test-method> <!-- stopBrowser -->
        <test-method status="PASS" signature="setUp()[pri:0, instance:by.mmf.sharubapv.test.SearchTests@47f6473]" name="setUp" is-config="true" duration-ms="1225" started-at="2019-12-19T11:03:38Z" finished-at="2019-12-19T11:03:39Z">
          <reporter-output>
          </reporter-output>
        </test-method> <!-- setUp -->
        <test-method status="FAIL" signature="searchForRandomStringGivesError()[pri:0, instance:by.mmf.sharubapv.test.SearchTests@47f6473]" name="searchForRandomStringGivesError" duration-ms="1" started-at="2019-12-19T11:03:39Z" finished-at="2019-12-19T11:03:39Z">
          <exception class="java.lang.NoClassDefFoundError">
            <message>
              <![CDATA[Could not initialize class by.mmf.sharubapv.service.TestDataReader]]>
            </message>
            <full-stacktrace>
              <![CDATA[java.lang.NoClassDefFoundError: Could not initialize class by.mmf.sharubapv.service.TestDataReader
at by.mmf.sharubapv.service.SearchQueryCreator.withCredentialsFromProperty(SearchQueryCreator.java:18)
at by.mmf.sharubapv.test.SearchTests.searchForRandomStringGivesError(SearchTests.java:26)
at sun.reflect.NativeMethodAccessorImpl.invoke0(Native Method)
at sun.reflect.NativeMethodAccessorImpl.invoke(NativeMethodAccessorImpl.java:62)
at sun.reflect.DelegatingMethodAccessorImpl.invoke(DelegatingMethodAccessorImpl.java:43)
at java.lang.reflect.Method.invoke(Method.java:498)
at org.testng.internal.MethodInvocationHelper.invokeMethod(MethodInvocationHelper.java:124)
at org.testng.internal.Invoker.invokeMethod(Invoker.java:583)
at org.testng.internal.Invoker.invokeTestMethod(Invoker.java:719)
at org.testng.internal.Invoker.invokeTestMethods(Invoker.java:989)
at org.testng.internal.TestMethodWorker.invokeTestMethods(TestMethodWorker.java:125)
at org.testng.internal.TestMethodWorker.run(TestMethodWorker.java:109)
at org.testng.TestRunner.privateRun(TestRunner.java:648)
at org.testng.TestRunner.run(TestRunner.java:505)
at org.testng.SuiteRunner.runTest(SuiteRunner.java:455)
at org.testng.SuiteRunner.runSequentially(SuiteRunner.java:450)
at org.testng.SuiteRunner.privateRun(SuiteRunner.java:415)
at org.testng.SuiteRunner.run(SuiteRunner.java:364)
at org.testng.SuiteRunnerWorker.runSuite(SuiteRunnerWorker.java:52)
at org.testng.SuiteRunnerWorker.run(SuiteRunnerWorker.java:84)
at org.testng.TestNG.runSuitesSequentially(TestNG.java:1208)
at org.testng.TestNG.runSuitesLocally(TestNG.java:1137)
at org.testng.TestNG.runSuites(TestNG.java:1049)
at org.testng.TestNG.run(TestNG.java:1017)
at org.apache.maven.surefire.testng.TestNGExecutor.run(TestNGExecutor.java:135)
at org.apache.maven.surefire.testng.TestNGDirectoryTestSuite.executeMulti(TestNGDirectoryTestSuite.java:193)
at org.apache.maven.surefire.testng.TestNGDirectoryTestSuite.execute(TestNGDirectoryTestSuite.java:94)
at org.apache.maven.surefire.testng.TestNGProvider.invoke(TestNGProvider.java:146)
at org.apache.maven.surefire.booter.ForkedBooter.invokeProviderInSameClassLoader(ForkedBooter.java:384)
at org.apache.maven.surefire.booter.ForkedBooter.runSuitesInProcess(ForkedBooter.java:345)
at org.apache.maven.surefire.booter.ForkedBooter.execute(ForkedBooter.java:126)
at org.apache.maven.surefire.booter.ForkedBooter.main(ForkedBooter.java:418)
]]>
            </full-stacktrace>
          </exception> <!-- java.lang.NoClassDefFoundError -->
          <reporter-output>
          </reporter-output>
        </test-method> <!-- searchForRandomStringGivesError -->
        <test-method status="PASS" signature="stopBrowser()[pri:0, instance:by.mmf.sharubapv.test.SearchTests@47f6473]" name="stopBrowser" is-config="true" duration-ms="580" started-at="2019-12-19T11:03:39Z" finished-at="2019-12-19T11:03:40Z">
          <reporter-output>
          </reporter-output>
        </test-method> <!-- stopBrowser -->
        <test-method status="PASS" signature="setUp()[pri:0, instance:by.mmf.sharubapv.test.SearchTests@47f6473]" name="setUp" is-config="true" duration-ms="1240" started-at="2019-12-19T11:03:40Z" finished-at="2019-12-19T11:03:41Z">
          <reporter-output>
          </reporter-output>
        </test-method> <!-- setUp -->
        <test-method status="FAIL" signature="searchInSpecialOffersMustFindAtLeastOneSpecialOffer()[pri:0, instance:by.mmf.sharubapv.test.SearchTests@47f6473]" name="searchInSpecialOffersMustFindAtLeastOneSpecialOffer" duration-ms="0" started-at="2019-12-19T11:03:41Z" finished-at="2019-12-19T11:03:41Z">
          <exception class="java.lang.NoClassDefFoundError">
            <message>
              <![CDATA[Could not initialize class by.mmf.sharubapv.service.TestDataReader]]>
            </message>
            <full-stacktrace>
              <![CDATA[java.lang.NoClassDefFoundError: Could not initialize class by.mmf.sharubapv.service.TestDataReader
at by.mmf.sharubapv.service.SearchQueryCreator.withCredentialsFromProperty(SearchQueryCreator.java:11)
at by.mmf.sharubapv.test.SearchTests.searchInSpecialOffersMustFindAtLeastOneSpecialOffer(SearchTests.java:102)
at sun.reflect.NativeMethodAccessorImpl.invoke0(Native Method)
at sun.reflect.NativeMethodAccessorImpl.invoke(NativeMethodAccessorImpl.java:62)
at sun.reflect.DelegatingMethodAccessorImpl.invoke(DelegatingMethodAccessorImpl.java:43)
at java.lang.reflect.Method.invoke(Method.java:498)
at org.testng.internal.MethodInvocationHelper.invokeMethod(MethodInvocationHelper.java:124)
at org.testng.internal.Invoker.invokeMethod(Invoker.java:583)
at org.testng.internal.Invoker.invokeTestMethod(Invoker.java:719)
at org.testng.internal.Invoker.invokeTestMethods(Invoker.java:989)
at org.testng.internal.TestMethodWorker.invokeTestMethods(TestMethodWorker.java:125)
at org.testng.internal.TestMethodWorker.run(TestMethodWorker.java:109)
at org.testng.TestRunner.privateRun(TestRunner.java:648)
at org.testng.TestRunner.run(TestRunner.java:505)
at org.testng.SuiteRunner.runTest(SuiteRunner.java:455)
at org.testng.SuiteRunner.runSequentially(SuiteRunner.java:450)
at org.testng.SuiteRunner.privateRun(SuiteRunner.java:415)
at org.testng.SuiteRunner.run(SuiteRunner.java:364)
at org.testng.SuiteRunnerWorker.runSuite(SuiteRunnerWorker.java:52)
at org.testng.SuiteRunnerWorker.run(SuiteRunnerWorker.java:84)
at org.testng.TestNG.runSuitesSequentially(TestNG.java:1208)
at org.testng.TestNG.runSuitesLocally(TestNG.java:1137)
at org.testng.TestNG.runSuites(TestNG.java:1049)
at org.testng.TestNG.run(TestNG.java:1017)
at org.apache.maven.surefire.testng.TestNGExecutor.run(TestNGExecutor.java:135)
at org.apache.maven.surefire.testng.TestNGDirectoryTestSuite.executeMulti(TestNGDirectoryTestSuite.java:193)
at org.apache.maven.surefire.testng.TestNGDirectoryTestSuite.execute(TestNGDirectoryTestSuite.java:94)
at org.apache.maven.surefire.testng.TestNGProvider.invoke(TestNGProvider.java:146)
at org.apache.maven.surefire.booter.ForkedBooter.invokeProviderInSameClassLoader(ForkedBooter.java:384)
at org.apache.maven.surefire.booter.ForkedBooter.runSuitesInProcess(ForkedBooter.java:345)
at org.apache.maven.surefire.booter.ForkedBooter.execute(ForkedBooter.java:126)
at org.apache.maven.surefire.booter.ForkedBooter.main(ForkedBooter.java:418)
]]>
            </full-stacktrace>
          </exception> <!-- java.lang.NoClassDefFoundError -->
          <reporter-output>
          </reporter-output>
        </test-method> <!-- searchInSpecialOffersMustFindAtLeastOneSpecialOffer -->
        <test-method status="PASS" signature="stopBrowser()[pri:0, instance:by.mmf.sharubapv.test.SearchTests@47f6473]" name="stopBrowser" is-config="true" duration-ms="578" started-at="2019-12-19T11:03:41Z" finished-at="2019-12-19T11:03:42Z">
          <reporter-output>
          </reporter-output>
        </test-method> <!-- stopBrowser -->
        <test-method status="PASS" signature="setUp()[pri:0, instance:by.mmf.sharubapv.test.SearchTests@47f6473]" name="setUp" is-config="true" duration-ms="1230" started-at="2019-12-19T11:03:42Z" finished-at="2019-12-19T11:03:43Z">
          <reporter-output>
          </reporter-output>
        </test-method> <!-- setUp -->
        <test-method status="FAIL" signature="whenMoneyChangedToUsdPricesMustBeAtUsd()[pri:0, instance:by.mmf.sharubapv.test.SearchTests@47f6473]" name="whenMoneyChangedToUsdPricesMustBeAtUsd" duration-ms="0" started-at="2019-12-19T11:03:43Z" finished-at="2019-12-19T11:03:43Z">
          <exception class="java.lang.NoClassDefFoundError">
            <message>
              <![CDATA[Could not initialize class by.mmf.sharubapv.service.TestDataReader]]>
            </message>
            <full-stacktrace>
              <![CDATA[java.lang.NoClassDefFoundError: Could not initialize class by.mmf.sharubapv.service.TestDataReader
at by.mmf.sharubapv.service.SearchQueryCreator.withCredentialsFromProperty(SearchQueryCreator.java:11)
at by.mmf.sharubapv.test.SearchTests.whenMoneyChangedToUsdPricesMustBeAtUsd(SearchTests.java:115)
at sun.reflect.NativeMethodAccessorImpl.invoke0(Native Method)
at sun.reflect.NativeMethodAccessorImpl.invoke(NativeMethodAccessorImpl.java:62)
at sun.reflect.DelegatingMethodAccessorImpl.invoke(DelegatingMethodAccessorImpl.java:43)
at java.lang.reflect.Method.invoke(Method.java:498)
at org.testng.internal.MethodInvocationHelper.invokeMethod(MethodInvocationHelper.java:124)
at org.testng.internal.Invoker.invokeMethod(Invoker.java:583)
at org.testng.internal.Invoker.invokeTestMethod(Invoker.java:719)
at org.testng.internal.Invoker.invokeTestMethods(Invoker.java:989)
at org.testng.internal.TestMethodWorker.invokeTestMethods(TestMethodWorker.java:125)
at org.testng.internal.TestMethodWorker.run(TestMethodWorker.java:109)
at org.testng.TestRunner.privateRun(TestRunner.java:648)
at org.testng.TestRunner.run(TestRunner.java:505)
at org.testng.SuiteRunner.runTest(SuiteRunner.java:455)
at org.testng.SuiteRunner.runSequentially(SuiteRunner.java:450)
at org.testng.SuiteRunner.privateRun(SuiteRunner.java:415)
at org.testng.SuiteRunner.run(SuiteRunner.java:364)
at org.testng.SuiteRunnerWorker.runSuite(SuiteRunnerWorker.java:52)
at org.testng.SuiteRunnerWorker.run(SuiteRunnerWorker.java:84)
at org.testng.TestNG.runSuitesSequentially(TestNG.java:1208)
at org.testng.TestNG.runSuitesLocally(TestNG.java:1137)
at org.testng.TestNG.runSuites(TestNG.java:1049)
at org.testng.TestNG.run(TestNG.java:1017)
at org.apache.maven.surefire.testng.TestNGExecutor.run(TestNGExecutor.java:135)
at org.apache.maven.surefire.testng.TestNGDirectoryTestSuite.executeMulti(TestNGDirectoryTestSuite.java:193)
at org.apache.maven.surefire.testng.TestNGDirectoryTestSuite.execute(TestNGDirectoryTestSuite.java:94)
at org.apache.maven.surefire.testng.TestNGProvider.invoke(TestNGProvider.java:146)
at org.apache.maven.surefire.booter.ForkedBooter.invokeProviderInSameClassLoader(ForkedBooter.java:384)
at org.apache.maven.surefire.booter.ForkedBooter.runSuitesInProcess(ForkedBooter.java:345)
at org.apache.maven.surefire.booter.ForkedBooter.execute(ForkedBooter.java:126)
at org.apache.maven.surefire.booter.ForkedBooter.main(ForkedBooter.java:418)
]]>
            </full-stacktrace>
          </exception> <!-- java.lang.NoClassDefFoundError -->
          <reporter-output>
          </reporter-output>
        </test-method> <!-- whenMoneyChangedToUsdPricesMustBeAtUsd -->
        <test-method status="PASS" signature="stopBrowser()[pri:0, instance:by.mmf.sharubapv.test.SearchTests@47f6473]" name="stopBrowser" is-config="true" duration-ms="591" started-at="2019-12-19T11:03:44Z" finished-at="2019-12-19T11:03:44Z">
          <reporter-output>
          </reporter-output>
        </test-method> <!-- stopBrowser -->
      </class> <!-- by.mmf.sharubapv.test.SearchTests -->
      <class name="by.mmf.sharubapv.test.SingleTest">
        <test-method status="PASS" signature="searchForRandomStringGivesError()[pri:0, instance:by.mmf.sharubapv.test.SingleTest@15975490]" name="searchForRandomStringGivesError" duration-ms="7721" started-at="2019-12-19T11:03:44Z" finished-at="2019-12-19T11:03:52Z">
          <reporter-output>
          </reporter-output>
        </test-method> <!-- searchForRandomStringGivesError -->
      </class> <!-- by.mmf.sharubapv.test.SingleTest -->
    </test> <!-- Surefire test -->
  </suite> <!-- Surefire suite -->
</testng-results>
