<?xml version="1.0" encoding="UTF-8"?>
<testsuite xmlns:xsi="http://www.w3.org/2001/XMLSchema-instance" xsi:noNamespaceSchemaLocation="https://maven.apache.org/surefire/maven-surefire-plugin/xsd/surefire-test-report.xsd" name="TestSuite" time="26.811" tests="9" errors="0" skipped="0" failures="8">
  <properties>
[...]
</properties>
  <testcase name="mustBeAtLeastOneFiveStarRoomWithWifiFound" classname="by.mmf.sharubapv.test.SearchTests" time="0.523">
    <failure type="java.lang.ExceptionInInitializerError">java.lang.ExceptionInInitializerError
	at by.mmf.sharubapv.test.SearchTests.mustBeAtLeastOneFiveStarRoomWithWifiFound(SearchTests.java:76)
Caused by: java.lang.NullPointerException
	at by.mmf.sharubapv.test.SearchTests.mustBeAtLeastOneFiveStarRoomWithWifiFound(SearchTests.java:76)
</failure>
    <system-out><![CDATA[2019-12-19 14:03:26,297 INFO  [main] by.mmf.sharubapv.util.TestListener.onStart(TestListener.java:44) Test started
]]></system-out>
    <system-err><![CDATA[SLF4J: Failed to load class "org.slf4j.impl.StaticLoggerBinder".
SLF4J: Defaulting to no-operation (NOP) logger implementation
SLF4J: See http://www.slf4j.org/codes.html#StaticLoggerBinder for further details.
дек 19, 2019 2:03:26 PM java.util.prefs.WindowsPreferences <init>
WARNING: Could not open/create prefs root node Software\JavaSoft\Prefs at root 0x80000002. Windows RegCreateKeyEx(...) returned error code 5.
Starting ChromeDriver 79.0.3945.36 (3582db32b33893869b8c1339e8f4d9ed1816f143-refs/branch-heads/3945@{#614}) on port 11067
Only local connections are allowed.
Please protect ports used by ChromeDriver and related test frameworks to prevent access by malicious code.
дек 19, 2019 2:03:28 PM org.openqa.selenium.remote.ProtocolHandshake createSession
INFO: Detected dialect: W3C
]]></system-err>
  </testcase>
  <testcase name="mustBeAtLeastOneFlatFound" classname="by.mmf.sharubapv.test.SearchTests" time="0.355">
    <failure message="Could not initialize class by.mmf.sharubapv.service.TestDataReader" type="java.lang.NoClassDefFoundError">java.lang.NoClassDefFoundError: Could not initialize class by.mmf.sharubapv.service.TestDataReader
	at by.mmf.sharubapv.test.SearchTests.mustBeAtLeastOneFlatFound(SearchTests.java:63)
</failure>
    <system-err><![CDATA[Starting ChromeDriver 79.0.3945.36 (3582db32b33893869b8c1339e8f4d9ed1816f143-refs/branch-heads/3945@{#614}) on port 40667
Only local connections are allowed.
Please protect ports used by ChromeDriver and related test frameworks to prevent access by malicious code.
дек 19, 2019 2:03:30 PM org.openqa.selenium.remote.ProtocolHandshake createSession
INFO: Detected dialect: W3C
]]></system-err>
  </testcase>
  <testcase name="mustBeAtLeastOneRoomForTomorrow" classname="by.mmf.sharubapv.test.SearchTests" time="0.355">
    <failure message="Could not initialize class by.mmf.sharubapv.service.TestDataReader" type="java.lang.NoClassDefFoundError">java.lang.NoClassDefFoundError: Could not initialize class by.mmf.sharubapv.service.TestDataReader
	at by.mmf.sharubapv.test.SearchTests.mustBeAtLeastOneRoomForTomorrow(SearchTests.java:50)
</failure>
    <system-err><![CDATA[Starting ChromeDriver 79.0.3945.36 (3582db32b33893869b8c1339e8f4d9ed1816f143-refs/branch-heads/3945@{#614}) on port 32025
Only local connections are allowed.
Please protect ports used by ChromeDriver and related test frameworks to prevent access by malicious code.
дек 19, 2019 2:03:32 PM org.openqa.selenium.remote.ProtocolHandshake createSession
INFO: Detected dialect: W3C
]]></system-err>
  </testcase>
  <testcase name="mustNotBeAnyRoomForLastWeek" classname="by.mmf.sharubapv.test.SearchTests" time="0.363">
    <failure message="Could not initialize class by.mmf.sharubapv.service.TestDataReader" type="java.lang.NoClassDefFoundError">java.lang.NoClassDefFoundError: Could not initialize class by.mmf.sharubapv.service.TestDataReader
	at by.mmf.sharubapv.test.SearchTests.mustNotBeAnyRoomForLastWeek(SearchTests.java:90)
</failure>
    <system-err><![CDATA[Starting ChromeDriver 79.0.3945.36 (3582db32b33893869b8c1339e8f4d9ed1816f143-refs/branch-heads/3945@{#614}) on port 32689
Only local connections are allowed.
Please protect ports used by ChromeDriver and related test frameworks to prevent access by malicious code.
дек 19, 2019 2:03:34 PM org.openqa.selenium.remote.ProtocolHandshake createSession
INFO: Detected dialect: W3C
]]></system-err>
  </testcase>
  <testcase name="searchForExistingCityGivesResult" classname="by.mmf.sharubapv.test.SearchTests" time="0.347">
    <failure message="Could not initialize class by.mmf.sharubapv.service.TestDataReader" type="java.lang.NoClassDefFoundError">java.lang.NoClassDefFoundError: Could not initialize class by.mmf.sharubapv.service.TestDataReader
	at by.mmf.sharubapv.test.SearchTests.searchForExistingCityGivesResult(SearchTests.java:38)
</failure>
    <system-err><![CDATA[Starting ChromeDriver 79.0.3945.36 (3582db32b33893869b8c1339e8f4d9ed1816f143-refs/branch-heads/3945@{#614}) on port 15744
Only local connections are allowed.
Please protect ports used by ChromeDriver and related test frameworks to prevent access by malicious code.
дек 19, 2019 2:03:37 PM org.openqa.selenium.remote.ProtocolHandshake createSession
INFO: Detected dialect: W3C
]]></system-err>
  </testcase>
  <testcase name="searchForRandomStringGivesError" classname="by.mmf.sharubapv.test.SearchTests" time="0.392">
    <failure message="Could not initialize class by.mmf.sharubapv.service.TestDataReader" type="java.lang.NoClassDefFoundError">java.lang.NoClassDefFoundError: Could not initialize class by.mmf.sharubapv.service.TestDataReader
	at by.mmf.sharubapv.test.SearchTests.searchForRandomStringGivesError(SearchTests.java:26)
</failure>
    <system-err><![CDATA[Starting ChromeDriver 79.0.3945.36 (3582db32b33893869b8c1339e8f4d9ed1816f143-refs/branch-heads/3945@{#614}) on port 41996
Only local connections are allowed.
Please protect ports used by ChromeDriver and related test frameworks to prevent access by malicious code.
дек 19, 2019 2:03:39 PM org.openqa.selenium.remote.ProtocolHandshake createSession
INFO: Detected dialect: W3C
]]></system-err>
  </testcase>
  <testcase name="searchInSpecialOffersMustFindAtLeastOneSpecialOffer" classname="by.mmf.sharubapv.test.SearchTests" time="0.35">
    <failure message="Could not initialize class by.mmf.sharubapv.service.TestDataReader" type="java.lang.NoClassDefFoundError">java.lang.NoClassDefFoundError: Could not initialize class by.mmf.sharubapv.service.TestDataReader
	at by.mmf.sharubapv.test.SearchTests.searchInSpecialOffersMustFindAtLeastOneSpecialOffer(SearchTests.java:102)
</failure>
    <system-err><![CDATA[Starting ChromeDriver 79.0.3945.36 (3582db32b33893869b8c1339e8f4d9ed1816f143-refs/branch-heads/3945@{#614}) on port 7737
Only local connections are allowed.
Please protect ports used by ChromeDriver and related test frameworks to prevent access by malicious code.
дек 19, 2019 2:03:41 PM org.openqa.selenium.remote.ProtocolHandshake createSession
INFO: Detected dialect: W3C
]]></system-err>
  </testcase>
  <testcase name="whenMoneyChangedToUsdPricesMustBeAtUsd" classname="by.mmf.sharubapv.test.SearchTests" time="0.364">
    <failure message="Could not initialize class by.mmf.sharubapv.service.TestDataReader" type="java.lang.NoClassDefFoundError">java.lang.NoClassDefFoundError: Could not initialize class by.mmf.sharubapv.service.TestDataReader
	at by.mmf.sharubapv.test.SearchTests.whenMoneyChangedToUsdPricesMustBeAtUsd(SearchTests.java:115)
</failure>
    <system-err><![CDATA[Starting ChromeDriver 79.0.3945.36 (3582db32b33893869b8c1339e8f4d9ed1816f143-refs/branch-heads/3945@{#614}) on port 42669
Only local connections are allowed.
Please protect ports used by ChromeDriver and related test frameworks to prevent access by malicious code.
дек 19, 2019 2:03:43 PM org.openqa.selenium.remote.ProtocolHandshake createSession
INFO: Detected dialect: W3C
]]></system-err>
  </testcase>
  <testcase name="searchForRandomStringGivesError" classname="by.mmf.sharubapv.test.SingleTest" time="7.72"/>
</testsuite>